0 info it worked if it ends with ok
1 verbose cli [ '/home/krichardson/.nvm/versions/node/v6.2.1/bin/node',
1 verbose cli   '/home/krichardson/.nvm/versions/node/v6.2.1/bin/npm',
1 verbose cli   'run',
1 verbose cli   'watch' ]
2 info using npm@3.9.3
3 info using node@v6.2.1
4 verbose run-script [ 'prewatch', 'watch', 'postwatch' ]
5 info lifecycle go_revel_app@1.0.0~prewatch: go_revel_app@1.0.0
6 silly lifecycle go_revel_app@1.0.0~prewatch: no script for prewatch, continuing
7 info lifecycle go_revel_app@1.0.0~watch: go_revel_app@1.0.0
8 verbose lifecycle go_revel_app@1.0.0~watch: unsafe-perm in lifecycle true
9 verbose lifecycle go_revel_app@1.0.0~watch: PATH: /home/krichardson/.nvm/versions/node/v6.2.1/lib/node_modules/npm/bin/node-gyp-bin:/home/krichardson/.go/src/go_revel_app/node_modules/.bin:/home/krichardson/.nvm/versions/node/v6.2.1/bin:/home/krichardson/.nvm/versions/node/v6.2.1/bin:/usr/local/rvm/gems/ruby-2.2.2/bin:/usr/local/rvm/gems/ruby-2.2.2@global/bin:/usr/local/rvm/rubies/ruby-2.2.2/bin:/usr/lib64/qt-3.3/bin:/usr/local/bin:/usr/bin:/bin:/usr/local/sbin:/usr/sbin:/usr/local/rvm/bin:/home/krichardson/projects/customer_direct/cdops/cdops4/node_modules/.bin/:/home/krichardson/.local/bin:/home/krichardson/bin:/home/krichardson/.go/bin:/home/krichardson/projects/customer_direct/cdops4/node_modules/.bin:/home/krichardson/.go/src/go_revel_app/node_modules/.bin:/home/krichardson/.local/bin:/home/krichardson/bin
10 verbose lifecycle go_revel_app@1.0.0~watch: CWD: /home/krichardson/.go/src/go_revel_app
11 silly lifecycle go_revel_app@1.0.0~watch: Args: [ '-c',
11 silly lifecycle   'webpack --colors --watch --config ./conf/webpack/webpack.config.js' ]
12 silly lifecycle go_revel_app@1.0.0~watch: Returned: code: 1  signal: null
13 info lifecycle go_revel_app@1.0.0~watch: Failed to exec watch script
14 verbose stack Error: go_revel_app@1.0.0 watch: `webpack --colors --watch --config ./conf/webpack/webpack.config.js`
14 verbose stack Exit status 1
14 verbose stack     at EventEmitter.<anonymous> (/home/krichardson/.nvm/versions/node/v6.2.1/lib/node_modules/npm/lib/utils/lifecycle.js:245:16)
14 verbose stack     at emitTwo (events.js:106:13)
14 verbose stack     at EventEmitter.emit (events.js:191:7)
14 verbose stack     at ChildProcess.<anonymous> (/home/krichardson/.nvm/versions/node/v6.2.1/lib/node_modules/npm/lib/utils/spawn.js:24:14)
14 verbose stack     at emitTwo (events.js:106:13)
14 verbose stack     at ChildProcess.emit (events.js:191:7)
14 verbose stack     at maybeClose (internal/child_process.js:852:16)
14 verbose stack     at Process.ChildProcess._handle.onexit (internal/child_process.js:215:5)
15 verbose pkgid go_revel_app@1.0.0
16 verbose cwd /home/krichardson/.go/src/go_revel_app
17 error Linux 4.1.5-200.fc22.x86_64
18 error argv "/home/krichardson/.nvm/versions/node/v6.2.1/bin/node" "/home/krichardson/.nvm/versions/node/v6.2.1/bin/npm" "run" "watch"
19 error node v6.2.1
20 error npm  v3.9.3
21 error code ELIFECYCLE
22 error go_revel_app@1.0.0 watch: `webpack --colors --watch --config ./conf/webpack/webpack.config.js`
22 error Exit status 1
23 error Failed at the go_revel_app@1.0.0 watch script 'webpack --colors --watch --config ./conf/webpack/webpack.config.js'.
23 error Make sure you have the latest version of node.js and npm installed.
23 error If you do, this is most likely a problem with the go_revel_app package,
23 error not with npm itself.
23 error Tell the author that this fails on your system:
23 error     webpack --colors --watch --config ./conf/webpack/webpack.config.js
23 error You can get information on how to open an issue for this project with:
23 error     npm bugs go_revel_app
23 error Or if that isn't available, you can get their info via:
23 error     npm owner ls go_revel_app
23 error There is likely additional logging output above.
24 verbose exit [ 1, true ]
